{
  "C:\\Users\\tomi\\Projects\\Github\\corpix-next\\src\\@toryjs\\ui\\utilities\\styled.tsx": {
    "path": "C:\\Users\\tomi\\Projects\\Github\\corpix-next\\src\\@toryjs\\ui\\utilities\\styled.tsx",
    "statementMap": {
      "0": {
        "start": {
          "line": 4,
          "column": 22
        },
        "end": {
          "line": 4,
          "column": 55
        }
      }
    },
    "fnMap": {},
    "branchMap": {},
    "s": {
      "0": 3
    },
    "f": {},
    "b": {},
    "_coverageSchema": "1a1c01bbd47fc00a2c39e90264f33305004495a9",
    "hash": "717247f9c0056d50c482fa6343547f1b85740b7c"
  },
  "C:\\Users\\tomi\\Projects\\Github\\corpix-next\\src\\@toryjs\\form\\utilities\\safe_eval.ts": {
    "path": "C:\\Users\\tomi\\Projects\\Github\\corpix-next\\src\\@toryjs\\form\\utilities\\safe_eval.ts",
    "statementMap": {
      "0": {
        "start": {
          "line": 4,
          "column": 2
        },
        "end": {
          "line": 8,
          "column": 3
        }
      },
      "1": {
        "start": {
          "line": 5,
          "column": 4
        },
        "end": {
          "line": 7,
          "column": 6
        }
      },
      "2": {
        "start": {
          "line": 10,
          "column": 15
        },
        "end": {
          "line": 10,
          "column": 19
        }
      },
      "3": {
        "start": {
          "line": 11,
          "column": 2
        },
        "end": {
          "line": 17,
          "column": 3
        }
      },
      "4": {
        "start": {
          "line": 11,
          "column": 15
        },
        "end": {
          "line": 11,
          "column": 16
        }
      },
      "5": {
        "start": {
          "line": 12,
          "column": 4
        },
        "end": {
          "line": 12,
          "column": 42
        }
      },
      "6": {
        "start": {
          "line": 13,
          "column": 4
        },
        "end": {
          "line": 16,
          "column": 5
        }
      },
      "7": {
        "start": {
          "line": 14,
          "column": 6
        },
        "end": {
          "line": 14,
          "column": 58
        }
      },
      "8": {
        "start": {
          "line": 15,
          "column": 6
        },
        "end": {
          "line": 15,
          "column": 21
        }
      },
      "9": {
        "start": {
          "line": 19,
          "column": 2
        },
        "end": {
          "line": 21,
          "column": 3
        }
      },
      "10": {
        "start": {
          "line": 20,
          "column": 4
        },
        "end": {
          "line": 20,
          "column": 40
        }
      },
      "11": {
        "start": {
          "line": 23,
          "column": 2
        },
        "end": {
          "line": 23,
          "column": 16
        }
      },
      "12": {
        "start": {
          "line": 27,
          "column": 2
        },
        "end": {
          "line": 34,
          "column": 3
        }
      },
      "13": {
        "start": {
          "line": 33,
          "column": 4
        },
        "end": {
          "line": 33,
          "column": 40
        }
      },
      "14": {
        "start": {
          "line": 37,
          "column": 27
        },
        "end": {
          "line": 37,
          "column": 71
        }
      },
      "15": {
        "start": {
          "line": 38,
          "column": 15
        },
        "end": {
          "line": 40,
          "column": 69
        }
      },
      "16": {
        "start": {
          "line": 40,
          "column": 17
        },
        "end": {
          "line": 40,
          "column": 68
        }
      },
      "17": {
        "start": {
          "line": 41,
          "column": 2
        },
        "end": {
          "line": 49,
          "column": 3
        }
      },
      "18": {
        "start": {
          "line": 42,
          "column": 4
        },
        "end": {
          "line": 48,
          "column": 5
        }
      },
      "19": {
        "start": {
          "line": 43,
          "column": 22
        },
        "end": {
          "line": 46,
          "column": 26
        }
      },
      "20": {
        "start": {
          "line": 45,
          "column": 20
        },
        "end": {
          "line": 45,
          "column": 37
        }
      },
      "21": {
        "start": {
          "line": 47,
          "column": 6
        },
        "end": {
          "line": 47,
          "column": 31
        }
      },
      "22": {
        "start": {
          "line": 50,
          "column": 2
        },
        "end": {
          "line": 50,
          "column": 63
        }
      },
      "23": {
        "start": {
          "line": 53,
          "column": 12
        },
        "end": {
          "line": 67,
          "column": 3
        }
      },
      "24": {
        "start": {
          "line": 68,
          "column": 2
        },
        "end": {
          "line": 74,
          "column": 3
        }
      },
      "25": {
        "start": {
          "line": 69,
          "column": 4
        },
        "end": {
          "line": 69,
          "column": 46
        }
      },
      "26": {
        "start": {
          "line": 71,
          "column": 4
        },
        "end": {
          "line": 73,
          "column": 5
        }
      },
      "27": {
        "start": {
          "line": 72,
          "column": 6
        },
        "end": {
          "line": 72,
          "column": 15
        }
      }
    },
    "fnMap": {
      "0": {
        "name": "validate",
        "decl": {
          "start": {
            "line": 3,
            "column": 9
          },
          "end": {
            "line": 3,
            "column": 17
          }
        },
        "loc": {
          "start": {
            "line": 3,
            "column": 64
          },
          "end": {
            "line": 24,
            "column": 1
          }
        },
        "line": 3
      },
      "1": {
        "name": "safeEval",
        "decl": {
          "start": {
            "line": 26,
            "column": 16
          },
          "end": {
            "line": 26,
            "column": 24
          }
        },
        "loc": {
          "start": {
            "line": 26,
            "column": 97
          },
          "end": {
            "line": 75,
            "column": 1
          }
        },
        "line": 26
      },
      "2": {
        "name": "(anonymous_2)",
        "decl": {
          "start": {
            "line": 40,
            "column": 12
          },
          "end": {
            "line": 40,
            "column": 13
          }
        },
        "loc": {
          "start": {
            "line": 40,
            "column": 17
          },
          "end": {
            "line": 40,
            "column": 68
          }
        },
        "line": 40
      },
      "3": {
        "name": "(anonymous_3)",
        "decl": {
          "start": {
            "line": 45,
            "column": 13
          },
          "end": {
            "line": 45,
            "column": 14
          }
        },
        "loc": {
          "start": {
            "line": 45,
            "column": 20
          },
          "end": {
            "line": 45,
            "column": 37
          }
        },
        "line": 45
      }
    },
    "branchMap": {
      "0": {
        "loc": {
          "start": {
            "line": 4,
            "column": 2
          },
          "end": {
            "line": 8,
            "column": 3
          }
        },
        "type": "if",
        "locations": [
          {
            "start": {
              "line": 4,
              "column": 2
            },
            "end": {
              "line": 8,
              "column": 3
            }
          },
          {
            "start": {
              "line": 4,
              "column": 2
            },
            "end": {
              "line": 8,
              "column": 3
            }
          }
        ],
        "line": 4
      },
      "1": {
        "loc": {
          "start": {
            "line": 13,
            "column": 4
          },
          "end": {
            "line": 16,
            "column": 5
          }
        },
        "type": "if",
        "locations": [
          {
            "start": {
              "line": 13,
              "column": 4
            },
            "end": {
              "line": 16,
              "column": 5
            }
          },
          {
            "start": {
              "line": 13,
              "column": 4
            },
            "end": {
              "line": 16,
              "column": 5
            }
          }
        ],
        "line": 13
      },
      "2": {
        "loc": {
          "start": {
            "line": 19,
            "column": 2
          },
          "end": {
            "line": 21,
            "column": 3
          }
        },
        "type": "if",
        "locations": [
          {
            "start": {
              "line": 19,
              "column": 2
            },
            "end": {
              "line": 21,
              "column": 3
            }
          },
          {
            "start": {
              "line": 19,
              "column": 2
            },
            "end": {
              "line": 21,
              "column": 3
            }
          }
        ],
        "line": 19
      },
      "3": {
        "loc": {
          "start": {
            "line": 26,
            "column": 53
          },
          "end": {
            "line": 26,
            "column": 70
          }
        },
        "type": "default-arg",
        "locations": [
          {
            "start": {
              "line": 26,
              "column": 66
            },
            "end": {
              "line": 26,
              "column": 70
            }
          }
        ],
        "line": 26
      },
      "4": {
        "loc": {
          "start": {
            "line": 26,
            "column": 72
          },
          "end": {
            "line": 26,
            "column": 95
          }
        },
        "type": "default-arg",
        "locations": [
          {
            "start": {
              "line": 26,
              "column": 88
            },
            "end": {
              "line": 26,
              "column": 95
            }
          }
        ],
        "line": 26
      },
      "5": {
        "loc": {
          "start": {
            "line": 27,
            "column": 2
          },
          "end": {
            "line": 34,
            "column": 3
          }
        },
        "type": "if",
        "locations": [
          {
            "start": {
              "line": 27,
              "column": 2
            },
            "end": {
              "line": 34,
              "column": 3
            }
          },
          {
            "start": {
              "line": 27,
              "column": 2
            },
            "end": {
              "line": 34,
              "column": 3
            }
          }
        ],
        "line": 27
      },
      "6": {
        "loc": {
          "start": {
            "line": 28,
            "column": 4
          },
          "end": {
            "line": 31,
            "column": 43
          }
        },
        "type": "binary-expr",
        "locations": [
          {
            "start": {
              "line": 28,
              "column": 4
            },
            "end": {
              "line": 28,
              "column": 14
            }
          },
          {
            "start": {
              "line": 29,
              "column": 4
            },
            "end": {
              "line": 29,
              "column": 42
            }
          },
          {
            "start": {
              "line": 30,
              "column": 4
            },
            "end": {
              "line": 30,
              "column": 34
            }
          },
          {
            "start": {
              "line": 31,
              "column": 4
            },
            "end": {
              "line": 31,
              "column": 43
            }
          }
        ],
        "line": 28
      },
      "7": {
        "loc": {
          "start": {
            "line": 38,
            "column": 27
          },
          "end": {
            "line": 38,
            "column": 36
          }
        },
        "type": "binary-expr",
        "locations": [
          {
            "start": {
              "line": 38,
              "column": 27
            },
            "end": {
              "line": 38,
              "column": 28
            }
          },
          {
            "start": {
              "line": 38,
              "column": 32
            },
            "end": {
              "line": 38,
              "column": 36
            }
          }
        ],
        "line": 38
      },
      "8": {
        "loc": {
          "start": {
            "line": 40,
            "column": 17
          },
          "end": {
            "line": 40,
            "column": 68
          }
        },
        "type": "binary-expr",
        "locations": [
          {
            "start": {
              "line": 40,
              "column": 17
            },
            "end": {
              "line": 40,
              "column": 29
            }
          },
          {
            "start": {
              "line": 40,
              "column": 33
            },
            "end": {
              "line": 40,
              "column": 45
            }
          },
          {
            "start": {
              "line": 40,
              "column": 49
            },
            "end": {
              "line": 40,
              "column": 68
            }
          }
        ],
        "line": 40
      },
      "9": {
        "loc": {
          "start": {
            "line": 42,
            "column": 4
          },
          "end": {
            "line": 48,
            "column": 5
          }
        },
        "type": "if",
        "locations": [
          {
            "start": {
              "line": 42,
              "column": 4
            },
            "end": {
              "line": 48,
              "column": 5
            }
          },
          {
            "start": {
              "line": 42,
              "column": 4
            },
            "end": {
              "line": 48,
              "column": 5
            }
          }
        ],
        "line": 42
      },
      "10": {
        "loc": {
          "start": {
            "line": 71,
            "column": 4
          },
          "end": {
            "line": 73,
            "column": 5
          }
        },
        "type": "if",
        "locations": [
          {
            "start": {
              "line": 71,
              "column": 4
            },
            "end": {
              "line": 73,
              "column": 5
            }
          },
          {
            "start": {
              "line": 71,
              "column": 4
            },
            "end": {
              "line": 73,
              "column": 5
            }
          }
        ],
        "line": 71
      }
    },
    "s": {
      "0": 0,
      "1": 0,
      "2": 0,
      "3": 0,
      "4": 0,
      "5": 0,
      "6": 0,
      "7": 0,
      "8": 0,
      "9": 0,
      "10": 0,
      "11": 0,
      "12": 0,
      "13": 0,
      "14": 0,
      "15": 0,
      "16": 0,
      "17": 0,
      "18": 0,
      "19": 0,
      "20": 0,
      "21": 0,
      "22": 0,
      "23": 0,
      "24": 0,
      "25": 0,
      "26": 0,
      "27": 0
    },
    "f": {
      "0": 0,
      "1": 0,
      "2": 0,
      "3": 0
    },
    "b": {
      "0": [
        0,
        0
      ],
      "1": [
        0,
        0
      ],
      "2": [
        0,
        0
      ],
      "3": [
        0
      ],
      "4": [
        0
      ],
      "5": [
        0,
        0
      ],
      "6": [
        0,
        0,
        0,
        0
      ],
      "7": [
        0,
        0
      ],
      "8": [
        0,
        0,
        0
      ],
      "9": [
        0,
        0
      ],
      "10": [
        0,
        0
      ]
    },
    "_coverageSchema": "1a1c01bbd47fc00a2c39e90264f33305004495a9",
    "hash": "9ce9a1717eb8b6579cebc997b77e2574573cc501"
  },
  "C:\\Users\\tomi\\Projects\\Github\\corpix-next\\src\\@toryjs\\form\\json_schema.ts": {
    "path": "C:\\Users\\tomi\\Projects\\Github\\corpix-next\\src\\@toryjs\\form\\json_schema.ts",
    "statementMap": {
      "0": {
        "start": {
          "line": 151,
          "column": 46
        },
        "end": {
          "line": 237,
          "column": 1
        }
      },
      "1": {
        "start": {
          "line": 239,
          "column": 50
        },
        "end": {
          "line": 257,
          "column": 1
        }
      },
      "2": {
        "start": {
          "line": 259,
          "column": 45
        },
        "end": {
          "line": 269,
          "column": 1
        }
      }
    },
    "fnMap": {},
    "branchMap": {},
    "s": {
      "0": 3,
      "1": 3,
      "2": 3
    },
    "f": {},
    "b": {},
    "_coverageSchema": "1a1c01bbd47fc00a2c39e90264f33305004495a9",
    "hash": "321dc7b8bd756922e872716b210c524c8bd59ce7"
  },
  "C:\\Users\\tomi\\Projects\\Github\\corpix-next\\src\\@toryjs\\form\\undo-manager\\undo_actions.ts": {
    "path": "C:\\Users\\tomi\\Projects\\Github\\corpix-next\\src\\@toryjs\\form\\undo-manager\\undo_actions.ts",
    "statementMap": {
      "0": {
        "start": {
          "line": 17,
          "column": 4
        },
        "end": {
          "line": 21,
          "column": 5
        }
      },
      "1": {
        "start": {
          "line": 18,
          "column": 6
        },
        "end": {
          "line": 18,
          "column": 44
        }
      },
      "2": {
        "start": {
          "line": 20,
          "column": 6
        },
        "end": {
          "line": 20,
          "column": 54
        }
      },
      "3": {
        "start": {
          "line": 25,
          "column": 4
        },
        "end": {
          "line": 25,
          "column": 52
        }
      },
      "4": {
        "start": {
          "line": 38,
          "column": 4
        },
        "end": {
          "line": 38,
          "column": 46
        }
      },
      "5": {
        "start": {
          "line": 42,
          "column": 4
        },
        "end": {
          "line": 42,
          "column": 46
        }
      },
      "6": {
        "start": {
          "line": 48,
          "column": 4
        },
        "end": {
          "line": 48,
          "column": 16
        }
      },
      "7": {
        "start": {
          "line": 52,
          "column": 4
        },
        "end": {
          "line": 52,
          "column": 22
        }
      },
      "8": {
        "start": {
          "line": 56,
          "column": 4
        },
        "end": {
          "line": 56,
          "column": 33
        }
      },
      "9": {
        "start": {
          "line": 62,
          "column": 4
        },
        "end": {
          "line": 62,
          "column": 16
        }
      },
      "10": {
        "start": {
          "line": 66,
          "column": 4
        },
        "end": {
          "line": 66,
          "column": 33
        }
      },
      "11": {
        "start": {
          "line": 70,
          "column": 4
        },
        "end": {
          "line": 70,
          "column": 22
        }
      },
      "12": {
        "start": {
          "line": 76,
          "column": 4
        },
        "end": {
          "line": 76,
          "column": 16
        }
      },
      "13": {
        "start": {
          "line": 80,
          "column": 4
        },
        "end": {
          "line": 80,
          "column": 38
        }
      },
      "14": {
        "start": {
          "line": 84,
          "column": 4
        },
        "end": {
          "line": 84,
          "column": 50
        }
      },
      "15": {
        "start": {
          "line": 91,
          "column": 4
        },
        "end": {
          "line": 91,
          "column": 16
        }
      },
      "16": {
        "start": {
          "line": 95,
          "column": 4
        },
        "end": {
          "line": 95,
          "column": 54
        }
      },
      "17": {
        "start": {
          "line": 99,
          "column": 4
        },
        "end": {
          "line": 99,
          "column": 58
        }
      },
      "18": {
        "start": {
          "line": 107,
          "column": 4
        },
        "end": {
          "line": 107,
          "column": 44
        }
      },
      "19": {
        "start": {
          "line": 108,
          "column": 4
        },
        "end": {
          "line": 108,
          "column": 16
        }
      },
      "20": {
        "start": {
          "line": 112,
          "column": 4
        },
        "end": {
          "line": 114,
          "column": 5
        }
      },
      "21": {
        "start": {
          "line": 113,
          "column": 6
        },
        "end": {
          "line": 113,
          "column": 52
        }
      },
      "22": {
        "start": {
          "line": 118,
          "column": 4
        },
        "end": {
          "line": 120,
          "column": 5
        }
      },
      "23": {
        "start": {
          "line": 119,
          "column": 6
        },
        "end": {
          "line": 119,
          "column": 40
        }
      },
      "24": {
        "start": {
          "line": 126,
          "column": 4
        },
        "end": {
          "line": 126,
          "column": 16
        }
      },
      "25": {
        "start": {
          "line": 130,
          "column": 4
        },
        "end": {
          "line": 130,
          "column": 16
        }
      },
      "26": {
        "start": {
          "line": 135,
          "column": 15
        },
        "end": {
          "line": 135,
          "column": 35
        }
      },
      "27": {
        "start": {
          "line": 136,
          "column": 4
        },
        "end": {
          "line": 136,
          "column": 50
        }
      },
      "28": {
        "start": {
          "line": 137,
          "column": 4
        },
        "end": {
          "line": 137,
          "column": 32
        }
      }
    },
    "fnMap": {
      "0": {
        "name": "(anonymous_0)",
        "decl": {
          "start": {
            "line": 9,
            "column": 2
          },
          "end": {
            "line": 9,
            "column": 3
          }
        },
        "loc": {
          "start": {
            "line": 14,
            "column": 4
          },
          "end": {
            "line": 14,
            "column": 6
          }
        },
        "line": 14
      },
      "1": {
        "name": "(anonymous_1)",
        "decl": {
          "start": {
            "line": 16,
            "column": 2
          },
          "end": {
            "line": 16,
            "column": 3
          }
        },
        "loc": {
          "start": {
            "line": 16,
            "column": 9
          },
          "end": {
            "line": 22,
            "column": 3
          }
        },
        "line": 16
      },
      "2": {
        "name": "(anonymous_2)",
        "decl": {
          "start": {
            "line": 24,
            "column": 2
          },
          "end": {
            "line": 24,
            "column": 3
          }
        },
        "loc": {
          "start": {
            "line": 24,
            "column": 9
          },
          "end": {
            "line": 26,
            "column": 3
          }
        },
        "line": 24
      },
      "3": {
        "name": "(anonymous_3)",
        "decl": {
          "start": {
            "line": 30,
            "column": 2
          },
          "end": {
            "line": 30,
            "column": 3
          }
        },
        "loc": {
          "start": {
            "line": 35,
            "column": 4
          },
          "end": {
            "line": 35,
            "column": 6
          }
        },
        "line": 35
      },
      "4": {
        "name": "(anonymous_4)",
        "decl": {
          "start": {
            "line": 37,
            "column": 2
          },
          "end": {
            "line": 37,
            "column": 3
          }
        },
        "loc": {
          "start": {
            "line": 37,
            "column": 9
          },
          "end": {
            "line": 39,
            "column": 3
          }
        },
        "line": 37
      },
      "5": {
        "name": "(anonymous_5)",
        "decl": {
          "start": {
            "line": 41,
            "column": 2
          },
          "end": {
            "line": 41,
            "column": 3
          }
        },
        "loc": {
          "start": {
            "line": 41,
            "column": 9
          },
          "end": {
            "line": 43,
            "column": 3
          }
        },
        "line": 41
      },
      "6": {
        "name": "(anonymous_6)",
        "decl": {
          "start": {
            "line": 47,
            "column": 2
          },
          "end": {
            "line": 47,
            "column": 3
          }
        },
        "loc": {
          "start": {
            "line": 47,
            "column": 62
          },
          "end": {
            "line": 49,
            "column": 3
          }
        },
        "line": 47
      },
      "7": {
        "name": "(anonymous_7)",
        "decl": {
          "start": {
            "line": 51,
            "column": 2
          },
          "end": {
            "line": 51,
            "column": 3
          }
        },
        "loc": {
          "start": {
            "line": 51,
            "column": 9
          },
          "end": {
            "line": 53,
            "column": 3
          }
        },
        "line": 51
      },
      "8": {
        "name": "(anonymous_8)",
        "decl": {
          "start": {
            "line": 55,
            "column": 2
          },
          "end": {
            "line": 55,
            "column": 3
          }
        },
        "loc": {
          "start": {
            "line": 55,
            "column": 9
          },
          "end": {
            "line": 57,
            "column": 3
          }
        },
        "line": 55
      },
      "9": {
        "name": "(anonymous_9)",
        "decl": {
          "start": {
            "line": 61,
            "column": 2
          },
          "end": {
            "line": 61,
            "column": 3
          }
        },
        "loc": {
          "start": {
            "line": 61,
            "column": 62
          },
          "end": {
            "line": 63,
            "column": 3
          }
        },
        "line": 61
      },
      "10": {
        "name": "(anonymous_10)",
        "decl": {
          "start": {
            "line": 65,
            "column": 2
          },
          "end": {
            "line": 65,
            "column": 3
          }
        },
        "loc": {
          "start": {
            "line": 65,
            "column": 9
          },
          "end": {
            "line": 67,
            "column": 3
          }
        },
        "line": 65
      },
      "11": {
        "name": "(anonymous_11)",
        "decl": {
          "start": {
            "line": 69,
            "column": 2
          },
          "end": {
            "line": 69,
            "column": 3
          }
        },
        "loc": {
          "start": {
            "line": 69,
            "column": 9
          },
          "end": {
            "line": 71,
            "column": 3
          }
        },
        "line": 69
      },
      "12": {
        "name": "(anonymous_12)",
        "decl": {
          "start": {
            "line": 75,
            "column": 2
          },
          "end": {
            "line": 75,
            "column": 3
          }
        },
        "loc": {
          "start": {
            "line": 75,
            "column": 85
          },
          "end": {
            "line": 77,
            "column": 3
          }
        },
        "line": 75
      },
      "13": {
        "name": "(anonymous_13)",
        "decl": {
          "start": {
            "line": 79,
            "column": 2
          },
          "end": {
            "line": 79,
            "column": 3
          }
        },
        "loc": {
          "start": {
            "line": 79,
            "column": 9
          },
          "end": {
            "line": 81,
            "column": 3
          }
        },
        "line": 79
      },
      "14": {
        "name": "(anonymous_14)",
        "decl": {
          "start": {
            "line": 83,
            "column": 2
          },
          "end": {
            "line": 83,
            "column": 3
          }
        },
        "loc": {
          "start": {
            "line": 83,
            "column": 9
          },
          "end": {
            "line": 85,
            "column": 3
          }
        },
        "line": 83
      },
      "15": {
        "name": "(anonymous_15)",
        "decl": {
          "start": {
            "line": 90,
            "column": 2
          },
          "end": {
            "line": 90,
            "column": 3
          }
        },
        "loc": {
          "start": {
            "line": 90,
            "column": 65
          },
          "end": {
            "line": 92,
            "column": 3
          }
        },
        "line": 90
      },
      "16": {
        "name": "(anonymous_16)",
        "decl": {
          "start": {
            "line": 94,
            "column": 2
          },
          "end": {
            "line": 94,
            "column": 3
          }
        },
        "loc": {
          "start": {
            "line": 94,
            "column": 9
          },
          "end": {
            "line": 96,
            "column": 3
          }
        },
        "line": 94
      },
      "17": {
        "name": "(anonymous_17)",
        "decl": {
          "start": {
            "line": 98,
            "column": 2
          },
          "end": {
            "line": 98,
            "column": 3
          }
        },
        "loc": {
          "start": {
            "line": 98,
            "column": 9
          },
          "end": {
            "line": 100,
            "column": 3
          }
        },
        "line": 98
      },
      "18": {
        "name": "(anonymous_18)",
        "decl": {
          "start": {
            "line": 106,
            "column": 2
          },
          "end": {
            "line": 106,
            "column": 3
          }
        },
        "loc": {
          "start": {
            "line": 106,
            "column": 62
          },
          "end": {
            "line": 109,
            "column": 3
          }
        },
        "line": 106
      },
      "19": {
        "name": "(anonymous_19)",
        "decl": {
          "start": {
            "line": 111,
            "column": 2
          },
          "end": {
            "line": 111,
            "column": 3
          }
        },
        "loc": {
          "start": {
            "line": 111,
            "column": 9
          },
          "end": {
            "line": 115,
            "column": 3
          }
        },
        "line": 111
      },
      "20": {
        "name": "(anonymous_20)",
        "decl": {
          "start": {
            "line": 117,
            "column": 2
          },
          "end": {
            "line": 117,
            "column": 3
          }
        },
        "loc": {
          "start": {
            "line": 117,
            "column": 9
          },
          "end": {
            "line": 121,
            "column": 3
          }
        },
        "line": 117
      },
      "21": {
        "name": "(anonymous_21)",
        "decl": {
          "start": {
            "line": 125,
            "column": 2
          },
          "end": {
            "line": 125,
            "column": 3
          }
        },
        "loc": {
          "start": {
            "line": 125,
            "column": 84
          },
          "end": {
            "line": 127,
            "column": 3
          }
        },
        "line": 125
      },
      "22": {
        "name": "(anonymous_22)",
        "decl": {
          "start": {
            "line": 129,
            "column": 2
          },
          "end": {
            "line": 129,
            "column": 3
          }
        },
        "loc": {
          "start": {
            "line": 129,
            "column": 9
          },
          "end": {
            "line": 131,
            "column": 3
          }
        },
        "line": 129
      },
      "23": {
        "name": "(anonymous_23)",
        "decl": {
          "start": {
            "line": 133,
            "column": 2
          },
          "end": {
            "line": 133,
            "column": 3
          }
        },
        "loc": {
          "start": {
            "line": 134,
            "column": 9
          },
          "end": {
            "line": 138,
            "column": 3
          }
        },
        "line": 134
      }
    },
    "branchMap": {
      "0": {
        "loc": {
          "start": {
            "line": 17,
            "column": 4
          },
          "end": {
            "line": 21,
            "column": 5
          }
        },
        "type": "if",
        "locations": [
          {
            "start": {
              "line": 17,
              "column": 4
            },
            "end": {
              "line": 21,
              "column": 5
            }
          },
          {
            "start": {
              "line": 17,
              "column": 4
            },
            "end": {
              "line": 21,
              "column": 5
            }
          }
        ],
        "line": 17
      },
      "1": {
        "loc": {
          "start": {
            "line": 112,
            "column": 4
          },
          "end": {
            "line": 114,
            "column": 5
          }
        },
        "type": "if",
        "locations": [
          {
            "start": {
              "line": 112,
              "column": 4
            },
            "end": {
              "line": 114,
              "column": 5
            }
          },
          {
            "start": {
              "line": 112,
              "column": 4
            },
            "end": {
              "line": 114,
              "column": 5
            }
          }
        ],
        "line": 112
      },
      "2": {
        "loc": {
          "start": {
            "line": 118,
            "column": 4
          },
          "end": {
            "line": 120,
            "column": 5
          }
        },
        "type": "if",
        "locations": [
          {
            "start": {
              "line": 118,
              "column": 4
            },
            "end": {
              "line": 120,
              "column": 5
            }
          },
          {
            "start": {
              "line": 118,
              "column": 4
            },
            "end": {
              "line": 120,
              "column": 5
            }
          }
        ],
        "line": 118
      }
    },
    "s": {
      "0": 0,
      "1": 0,
      "2": 0,
      "3": 0,
      "4": 0,
      "5": 0,
      "6": 0,
      "7": 0,
      "8": 0,
      "9": 0,
      "10": 0,
      "11": 0,
      "12": 0,
      "13": 0,
      "14": 0,
      "15": 0,
      "16": 0,
      "17": 0,
      "18": 0,
      "19": 0,
      "20": 0,
      "21": 0,
      "22": 0,
      "23": 0,
      "24": 0,
      "25": 0,
      "26": 0,
      "27": 0,
      "28": 0
    },
    "f": {
      "0": 0,
      "1": 0,
      "2": 0,
      "3": 0,
      "4": 0,
      "5": 0,
      "6": 0,
      "7": 0,
      "8": 0,
      "9": 0,
      "10": 0,
      "11": 0,
      "12": 0,
      "13": 0,
      "14": 0,
      "15": 0,
      "16": 0,
      "17": 0,
      "18": 0,
      "19": 0,
      "20": 0,
      "21": 0,
      "22": 0,
      "23": 0
    },
    "b": {
      "0": [
        0,
        0
      ],
      "1": [
        0,
        0
      ],
      "2": [
        0,
        0
      ]
    },
    "_coverageSchema": "1a1c01bbd47fc00a2c39e90264f33305004495a9",
    "hash": "c51a7e7a983d39b575aa742225d6be1225c421af"
  },
  "C:\\Users\\tomi\\Projects\\Github\\corpix-next\\src\\@toryjs\\form\\undo-manager\\manager.ts": {
    "path": "C:\\Users\\tomi\\Projects\\Github\\corpix-next\\src\\@toryjs\\form\\undo-manager\\manager.ts",
    "statementMap": {
      "0": {
        "start": {
          "line": 17,
          "column": 23
        },
        "end": {
          "line": 17,
          "column": 39
        }
      },
      "1": {
        "start": {
          "line": 19,
          "column": 2
        },
        "end": {
          "line": 25,
          "column": 4
        }
      },
      "2": {
        "start": {
          "line": 20,
          "column": 20
        },
        "end": {
          "line": 20,
          "column": 36
        }
      },
      "3": {
        "start": {
          "line": 21,
          "column": 26
        },
        "end": {
          "line": 21,
          "column": 52
        }
      },
      "4": {
        "start": {
          "line": 22,
          "column": 17
        },
        "end": {
          "line": 22,
          "column": 49
        }
      },
      "5": {
        "start": {
          "line": 23,
          "column": 4
        },
        "end": {
          "line": 23,
          "column": 42
        }
      },
      "6": {
        "start": {
          "line": 24,
          "column": 4
        },
        "end": {
          "line": 24,
          "column": 18
        }
      },
      "7": {
        "start": {
          "line": 29,
          "column": 21
        },
        "end": {
          "line": 29,
          "column": 70
        }
      },
      "8": {
        "start": {
          "line": 31,
          "column": 8
        },
        "end": {
          "line": 31,
          "column": 9
        }
      },
      "9": {
        "start": {
          "line": 32,
          "column": 22
        },
        "end": {
          "line": 32,
          "column": 43
        }
      },
      "10": {
        "start": {
          "line": 33,
          "column": 36
        },
        "end": {
          "line": 33,
          "column": 40
        }
      },
      "11": {
        "start": {
          "line": 41,
          "column": 4
        },
        "end": {
          "line": 41,
          "column": 38
        }
      },
      "12": {
        "start": {
          "line": 45,
          "column": 4
        },
        "end": {
          "line": 47,
          "column": 5
        }
      },
      "13": {
        "start": {
          "line": 46,
          "column": 6
        },
        "end": {
          "line": 46,
          "column": 16
        }
      },
      "14": {
        "start": {
          "line": 48,
          "column": 27
        },
        "end": {
          "line": 48,
          "column": 90
        }
      },
      "15": {
        "start": {
          "line": 49,
          "column": 4
        },
        "end": {
          "line": 49,
          "column": 38
        }
      },
      "16": {
        "start": {
          "line": 53,
          "column": 4
        },
        "end": {
          "line": 53,
          "column": 30
        }
      },
      "17": {
        "start": {
          "line": 57,
          "column": 4
        },
        "end": {
          "line": 63,
          "column": 5
        }
      },
      "18": {
        "start": {
          "line": 58,
          "column": 6
        },
        "end": {
          "line": 58,
          "column": 40
        }
      },
      "19": {
        "start": {
          "line": 59,
          "column": 6
        },
        "end": {
          "line": 59,
          "column": 36
        }
      },
      "20": {
        "start": {
          "line": 61,
          "column": 6
        },
        "end": {
          "line": 61,
          "column": 30
        }
      },
      "21": {
        "start": {
          "line": 67,
          "column": 4
        },
        "end": {
          "line": 67,
          "column": 90
        }
      },
      "22": {
        "start": {
          "line": 68,
          "column": 4
        },
        "end": {
          "line": 68,
          "column": 24
        }
      },
      "23": {
        "start": {
          "line": 72,
          "column": 4
        },
        "end": {
          "line": 72,
          "column": 97
        }
      },
      "24": {
        "start": {
          "line": 73,
          "column": 4
        },
        "end": {
          "line": 73,
          "column": 27
        }
      },
      "25": {
        "start": {
          "line": 77,
          "column": 4
        },
        "end": {
          "line": 77,
          "column": 76
        }
      },
      "26": {
        "start": {
          "line": 85,
          "column": 4
        },
        "end": {
          "line": 85,
          "column": 85
        }
      },
      "27": {
        "start": {
          "line": 89,
          "column": 4
        },
        "end": {
          "line": 89,
          "column": 85
        }
      },
      "28": {
        "start": {
          "line": 93,
          "column": 4
        },
        "end": {
          "line": 93,
          "column": 78
        }
      },
      "29": {
        "start": {
          "line": 97,
          "column": 4
        },
        "end": {
          "line": 97,
          "column": 79
        }
      },
      "30": {
        "start": {
          "line": 102,
          "column": 4
        },
        "end": {
          "line": 104,
          "column": 5
        }
      },
      "31": {
        "start": {
          "line": 102,
          "column": 17
        },
        "end": {
          "line": 102,
          "column": 43
        }
      },
      "32": {
        "start": {
          "line": 103,
          "column": 6
        },
        "end": {
          "line": 103,
          "column": 32
        }
      },
      "33": {
        "start": {
          "line": 106,
          "column": 4
        },
        "end": {
          "line": 108,
          "column": 5
        }
      },
      "34": {
        "start": {
          "line": 107,
          "column": 6
        },
        "end": {
          "line": 107,
          "column": 37
        }
      },
      "35": {
        "start": {
          "line": 113,
          "column": 4
        },
        "end": {
          "line": 115,
          "column": 5
        }
      },
      "36": {
        "start": {
          "line": 114,
          "column": 6
        },
        "end": {
          "line": 114,
          "column": 33
        }
      },
      "37": {
        "start": {
          "line": 117,
          "column": 4
        },
        "end": {
          "line": 119,
          "column": 5
        }
      },
      "38": {
        "start": {
          "line": 118,
          "column": 6
        },
        "end": {
          "line": 118,
          "column": 18
        }
      }
    },
    "fnMap": {
      "0": {
        "name": "transaction",
        "decl": {
          "start": {
            "line": 16,
            "column": 16
          },
          "end": {
            "line": 16,
            "column": 27
          }
        },
        "loc": {
          "start": {
            "line": 16,
            "column": 94
          },
          "end": {
            "line": 26,
            "column": 1
          }
        },
        "line": 16
      },
      "1": {
        "name": "(anonymous_1)",
        "decl": {
          "start": {
            "line": 19,
            "column": 21
          },
          "end": {
            "line": 19,
            "column": 22
          }
        },
        "loc": {
          "start": {
            "line": 19,
            "column": 64
          },
          "end": {
            "line": 25,
            "column": 3
          }
        },
        "line": 19
      },
      "2": {
        "name": "(anonymous_2)",
        "decl": {
          "start": {
            "line": 40,
            "column": 2
          },
          "end": {
            "line": 40,
            "column": 3
          }
        },
        "loc": {
          "start": {
            "line": 40,
            "column": 10
          },
          "end": {
            "line": 42,
            "column": 3
          }
        },
        "line": 40
      },
      "3": {
        "name": "(anonymous_3)",
        "decl": {
          "start": {
            "line": 44,
            "column": 2
          },
          "end": {
            "line": 44,
            "column": 3
          }
        },
        "loc": {
          "start": {
            "line": 44,
            "column": 21
          },
          "end": {
            "line": 54,
            "column": 3
          }
        },
        "line": 44
      },
      "4": {
        "name": "(anonymous_4)",
        "decl": {
          "start": {
            "line": 56,
            "column": 2
          },
          "end": {
            "line": 56,
            "column": 3
          }
        },
        "loc": {
          "start": {
            "line": 56,
            "column": 30
          },
          "end": {
            "line": 64,
            "column": 3
          }
        },
        "line": 56
      },
      "5": {
        "name": "(anonymous_5)",
        "decl": {
          "start": {
            "line": 66,
            "column": 2
          },
          "end": {
            "line": 66,
            "column": 3
          }
        },
        "loc": {
          "start": {
            "line": 66,
            "column": 46
          },
          "end": {
            "line": 69,
            "column": 3
          }
        },
        "line": 66
      },
      "6": {
        "name": "(anonymous_6)",
        "decl": {
          "start": {
            "line": 71,
            "column": 2
          },
          "end": {
            "line": 71,
            "column": 3
          }
        },
        "loc": {
          "start": {
            "line": 71,
            "column": 63
          },
          "end": {
            "line": 74,
            "column": 3
          }
        },
        "line": 71
      },
      "7": {
        "name": "(anonymous_7)",
        "decl": {
          "start": {
            "line": 76,
            "column": 2
          },
          "end": {
            "line": 76,
            "column": 3
          }
        },
        "loc": {
          "start": {
            "line": 76,
            "column": 39
          },
          "end": {
            "line": 78,
            "column": 3
          }
        },
        "line": 76
      },
      "8": {
        "name": "(anonymous_8)",
        "decl": {
          "start": {
            "line": 84,
            "column": 2
          },
          "end": {
            "line": 84,
            "column": 3
          }
        },
        "loc": {
          "start": {
            "line": 84,
            "column": 56
          },
          "end": {
            "line": 86,
            "column": 3
          }
        },
        "line": 84
      },
      "9": {
        "name": "(anonymous_9)",
        "decl": {
          "start": {
            "line": 88,
            "column": 2
          },
          "end": {
            "line": 88,
            "column": 3
          }
        },
        "loc": {
          "start": {
            "line": 88,
            "column": 51
          },
          "end": {
            "line": 90,
            "column": 3
          }
        },
        "line": 88
      },
      "10": {
        "name": "(anonymous_10)",
        "decl": {
          "start": {
            "line": 92,
            "column": 2
          },
          "end": {
            "line": 92,
            "column": 3
          }
        },
        "loc": {
          "start": {
            "line": 92,
            "column": 48
          },
          "end": {
            "line": 94,
            "column": 3
          }
        },
        "line": 92
      },
      "11": {
        "name": "(anonymous_11)",
        "decl": {
          "start": {
            "line": 96,
            "column": 2
          },
          "end": {
            "line": 96,
            "column": 3
          }
        },
        "loc": {
          "start": {
            "line": 96,
            "column": 53
          },
          "end": {
            "line": 98,
            "column": 3
          }
        },
        "line": 96
      },
      "12": {
        "name": "(anonymous_12)",
        "decl": {
          "start": {
            "line": 100,
            "column": 2
          },
          "end": {
            "line": 100,
            "column": 3
          }
        },
        "loc": {
          "start": {
            "line": 101,
            "column": 9
          },
          "end": {
            "line": 109,
            "column": 3
          }
        },
        "line": 101
      },
      "13": {
        "name": "(anonymous_13)",
        "decl": {
          "start": {
            "line": 111,
            "column": 2
          },
          "end": {
            "line": 111,
            "column": 3
          }
        },
        "loc": {
          "start": {
            "line": 112,
            "column": 9
          },
          "end": {
            "line": 120,
            "column": 3
          }
        },
        "line": 112
      }
    },
    "branchMap": {
      "0": {
        "loc": {
          "start": {
            "line": 45,
            "column": 4
          },
          "end": {
            "line": 47,
            "column": 5
          }
        },
        "type": "if",
        "locations": [
          {
            "start": {
              "line": 45,
              "column": 4
            },
            "end": {
              "line": 47,
              "column": 5
            }
          },
          {
            "start": {
              "line": 45,
              "column": 4
            },
            "end": {
              "line": 47,
              "column": 5
            }
          }
        ],
        "line": 45
      },
      "1": {
        "loc": {
          "start": {
            "line": 57,
            "column": 4
          },
          "end": {
            "line": 63,
            "column": 5
          }
        },
        "type": "if",
        "locations": [
          {
            "start": {
              "line": 57,
              "column": 4
            },
            "end": {
              "line": 63,
              "column": 5
            }
          },
          {
            "start": {
              "line": 57,
              "column": 4
            },
            "end": {
              "line": 63,
              "column": 5
            }
          }
        ],
        "line": 57
      },
      "2": {
        "loc": {
          "start": {
            "line": 106,
            "column": 4
          },
          "end": {
            "line": 108,
            "column": 5
          }
        },
        "type": "if",
        "locations": [
          {
            "start": {
              "line": 106,
              "column": 4
            },
            "end": {
              "line": 108,
              "column": 5
            }
          },
          {
            "start": {
              "line": 106,
              "column": 4
            },
            "end": {
              "line": 108,
              "column": 5
            }
          }
        ],
        "line": 106
      },
      "3": {
        "loc": {
          "start": {
            "line": 113,
            "column": 4
          },
          "end": {
            "line": 115,
            "column": 5
          }
        },
        "type": "if",
        "locations": [
          {
            "start": {
              "line": 113,
              "column": 4
            },
            "end": {
              "line": 115,
              "column": 5
            }
          },
          {
            "start": {
              "line": 113,
              "column": 4
            },
            "end": {
              "line": 115,
              "column": 5
            }
          }
        ],
        "line": 113
      }
    },
    "s": {
      "0": 27,
      "1": 27,
      "2": 0,
      "3": 0,
      "4": 0,
      "5": 0,
      "6": 0,
      "7": 3,
      "8": 4,
      "9": 4,
      "10": 4,
      "11": 0,
      "12": 0,
      "13": 0,
      "14": 0,
      "15": 0,
      "16": 0,
      "17": 0,
      "18": 0,
      "19": 0,
      "20": 0,
      "21": 0,
      "22": 0,
      "23": 0,
      "24": 0,
      "25": 0,
      "26": 0,
      "27": 0,
      "28": 0,
      "29": 0,
      "30": 0,
      "31": 0,
      "32": 0,
      "33": 0,
      "34": 0,
      "35": 0,
      "36": 0,
      "37": 0,
      "38": 0
    },
    "f": {
      "0": 27,
      "1": 0,
      "2": 0,
      "3": 0,
      "4": 0,
      "5": 0,
      "6": 0,
      "7": 0,
      "8": 0,
      "9": 0,
      "10": 0,
      "11": 0,
      "12": 0,
      "13": 0
    },
    "b": {
      "0": [
        0,
        0
      ],
      "1": [
        0,
        0
      ],
      "2": [
        0,
        0
      ],
      "3": [
        0,
        0
      ]
    },
    "_coverageSchema": "1a1c01bbd47fc00a2c39e90264f33305004495a9",
    "hash": "8d23413c518418d4ec97ca9e20d4354809660588"
  },
  "C:\\Users\\tomi\\Projects\\Github\\corpix-next\\src\\@toryjs\\form\\stores\\dataset_builder.ts": {
    "path": "C:\\Users\\tomi\\Projects\\Github\\corpix-next\\src\\@toryjs\\form\\stores\\dataset_builder.ts",
    "statementMap": {
      "0": {
        "start": {
          "line": 7,
          "column": 62
        },
        "end": {
          "line": 7,
          "column": 64
        }
      },
      "1": {
        "start": {
          "line": 9,
          "column": 12
        },
        "end": {
          "line": 9,
          "column": 51
        }
      },
      "2": {
        "start": {
          "line": 9,
          "column": 31
        },
        "end": {
          "line": 9,
          "column": 50
        }
      },
      "3": {
        "start": {
          "line": 10,
          "column": 2
        },
        "end": {
          "line": 12,
          "column": 3
        }
      },
      "4": {
        "start": {
          "line": 11,
          "column": 4
        },
        "end": {
          "line": 11,
          "column": 23
        }
      },
      "5": {
        "start": {
          "line": 16,
          "column": 6
        },
        "end": {
          "line": 16,
          "column": 41
        }
      },
      "6": {
        "start": {
          "line": 17,
          "column": 6
        },
        "end": {
          "line": 19,
          "column": 7
        }
      },
      "7": {
        "start": {
          "line": 18,
          "column": 8
        },
        "end": {
          "line": 18,
          "column": 15
        }
      },
      "8": {
        "start": {
          "line": 20,
          "column": 6
        },
        "end": {
          "line": 22,
          "column": 7
        }
      },
      "9": {
        "start": {
          "line": 21,
          "column": 8
        },
        "end": {
          "line": 21,
          "column": 90
        }
      },
      "10": {
        "start": {
          "line": 26,
          "column": 27
        },
        "end": {
          "line": 26,
          "column": 29
        }
      },
      "11": {
        "start": {
          "line": 27,
          "column": 2
        },
        "end": {
          "line": 31,
          "column": 3
        }
      },
      "12": {
        "start": {
          "line": 28,
          "column": 4
        },
        "end": {
          "line": 30,
          "column": 5
        }
      },
      "13": {
        "start": {
          "line": 29,
          "column": 6
        },
        "end": {
          "line": 29,
          "column": 36
        }
      },
      "14": {
        "start": {
          "line": 32,
          "column": 2
        },
        "end": {
          "line": 32,
          "column": 41
        }
      },
      "15": {
        "start": {
          "line": 34,
          "column": 2
        },
        "end": {
          "line": 34,
          "column": 54
        }
      },
      "16": {
        "start": {
          "line": 35,
          "column": 2
        },
        "end": {
          "line": 35,
          "column": 25
        }
      },
      "17": {
        "start": {
          "line": 43,
          "column": 24
        },
        "end": {
          "line": 43,
          "column": 85
        }
      },
      "18": {
        "start": {
          "line": 44,
          "column": 2
        },
        "end": {
          "line": 44,
          "column": 41
        }
      }
    },
    "fnMap": {
      "0": {
        "name": "buildDataSet",
        "decl": {
          "start": {
            "line": 8,
            "column": 16
          },
          "end": {
            "line": 8,
            "column": 28
          }
        },
        "loc": {
          "start": {
            "line": 8,
            "column": 85
          },
          "end": {
            "line": 36,
            "column": 1
          }
        },
        "line": 8
      },
      "1": {
        "name": "(anonymous_1)",
        "decl": {
          "start": {
            "line": 9,
            "column": 26
          },
          "end": {
            "line": 9,
            "column": 27
          }
        },
        "loc": {
          "start": {
            "line": 9,
            "column": 31
          },
          "end": {
            "line": 9,
            "column": 50
          }
        },
        "line": 9
      },
      "2": {
        "name": "(anonymous_2)",
        "decl": {
          "start": {
            "line": 15,
            "column": 4
          },
          "end": {
            "line": 15,
            "column": 5
          }
        },
        "loc": {
          "start": {
            "line": 15,
            "column": 41
          },
          "end": {
            "line": 23,
            "column": 5
          }
        },
        "line": 15
      },
      "3": {
        "name": "buildDataModel",
        "decl": {
          "start": {
            "line": 38,
            "column": 16
          },
          "end": {
            "line": 38,
            "column": 30
          }
        },
        "loc": {
          "start": {
            "line": 42,
            "column": 28
          },
          "end": {
            "line": 45,
            "column": 1
          }
        },
        "line": 42
      }
    },
    "branchMap": {
      "0": {
        "loc": {
          "start": {
            "line": 10,
            "column": 2
          },
          "end": {
            "line": 12,
            "column": 3
          }
        },
        "type": "if",
        "locations": [
          {
            "start": {
              "line": 10,
              "column": 2
            },
            "end": {
              "line": 12,
              "column": 3
            }
          },
          {
            "start": {
              "line": 10,
              "column": 2
            },
            "end": {
              "line": 12,
              "column": 3
            }
          }
        ],
        "line": 10
      },
      "1": {
        "loc": {
          "start": {
            "line": 17,
            "column": 6
          },
          "end": {
            "line": 19,
            "column": 7
          }
        },
        "type": "if",
        "locations": [
          {
            "start": {
              "line": 17,
              "column": 6
            },
            "end": {
              "line": 19,
              "column": 7
            }
          },
          {
            "start": {
              "line": 17,
              "column": 6
            },
            "end": {
              "line": 19,
              "column": 7
            }
          }
        ],
        "line": 17
      },
      "2": {
        "loc": {
          "start": {
            "line": 27,
            "column": 2
          },
          "end": {
            "line": 31,
            "column": 3
          }
        },
        "type": "if",
        "locations": [
          {
            "start": {
              "line": 27,
              "column": 2
            },
            "end": {
              "line": 31,
              "column": 3
            }
          },
          {
            "start": {
              "line": 27,
              "column": 2
            },
            "end": {
              "line": 31,
              "column": 3
            }
          }
        ],
        "line": 27
      },
      "3": {
        "loc": {
          "start": {
            "line": 43,
            "column": 45
          },
          "end": {
            "line": 43,
            "column": 84
          }
        },
        "type": "cond-expr",
        "locations": [
          {
            "start": {
              "line": 43,
              "column": 54
            },
            "end": {
              "line": 43,
              "column": 72
            }
          },
          {
            "start": {
              "line": 43,
              "column": 75
            },
            "end": {
              "line": 43,
              "column": 84
            }
          }
        ],
        "line": 43
      }
    },
    "s": {
      "0": 3,
      "1": 2,
      "2": 0,
      "3": 2,
      "4": 0,
      "5": 2,
      "6": 2,
      "7": 0,
      "8": 2,
      "9": 0,
      "10": 2,
      "11": 2,
      "12": 2,
      "13": 0,
      "14": 2,
      "15": 2,
      "16": 2,
      "17": 2,
      "18": 2
    },
    "f": {
      "0": 2,
      "1": 0,
      "2": 2,
      "3": 2
    },
    "b": {
      "0": [
        0,
        2
      ],
      "1": [
        0,
        2
      ],
      "2": [
        2,
        0
      ],
      "3": [
        2,
        0
      ]
    },
    "_coverageSchema": "1a1c01bbd47fc00a2c39e90264f33305004495a9",
    "hash": "1f304da426eb140f6d27f8f97e8f7ee13a252e9e"
  },
  "C:\\Users\\tomi\\Projects\\Github\\corpix-next\\src\\@toryjs\\form\\utilities\\dataset_utilities.ts": {
    "path": "C:\\Users\\tomi\\Projects\\Github\\corpix-next\\src\\@toryjs\\form\\utilities\\dataset_utilities.ts",
    "statementMap": {
      "0": {
        "start": {
          "line": 6,
          "column": 2
        },
        "end": {
          "line": 6,
          "column": 47
        }
      },
      "1": {
        "start": {
          "line": 10,
          "column": 20
        },
        "end": {
          "line": 10,
          "column": 35
        }
      },
      "2": {
        "start": {
          "line": 11,
          "column": 2
        },
        "end": {
          "line": 13,
          "column": 3
        }
      },
      "3": {
        "start": {
          "line": 12,
          "column": 4
        },
        "end": {
          "line": 12,
          "column": 17
        }
      },
      "4": {
        "start": {
          "line": 14,
          "column": 2
        },
        "end": {
          "line": 14,
          "column": 21
        }
      },
      "5": {
        "start": {
          "line": 18,
          "column": 20
        },
        "end": {
          "line": 18,
          "column": 37
        }
      },
      "6": {
        "start": {
          "line": 19,
          "column": 2
        },
        "end": {
          "line": 21,
          "column": 3
        }
      },
      "7": {
        "start": {
          "line": 20,
          "column": 4
        },
        "end": {
          "line": 20,
          "column": 17
        }
      },
      "8": {
        "start": {
          "line": 22,
          "column": 2
        },
        "end": {
          "line": 22,
          "column": 21
        }
      },
      "9": {
        "start": {
          "line": 26,
          "column": 2
        },
        "end": {
          "line": 30,
          "column": 3
        }
      },
      "10": {
        "start": {
          "line": 27,
          "column": 4
        },
        "end": {
          "line": 27,
          "column": 24
        }
      },
      "11": {
        "start": {
          "line": 28,
          "column": 9
        },
        "end": {
          "line": 30,
          "column": 3
        }
      },
      "12": {
        "start": {
          "line": 29,
          "column": 4
        },
        "end": {
          "line": 29,
          "column": 38
        }
      },
      "13": {
        "start": {
          "line": 29,
          "column": 26
        },
        "end": {
          "line": 29,
          "column": 36
        }
      },
      "14": {
        "start": {
          "line": 31,
          "column": 2
        },
        "end": {
          "line": 31,
          "column": 15
        }
      },
      "15": {
        "start": {
          "line": 35,
          "column": 2
        },
        "end": {
          "line": 55,
          "column": 3
        }
      },
      "16": {
        "start": {
          "line": 36,
          "column": 4
        },
        "end": {
          "line": 46,
          "column": 5
        }
      },
      "17": {
        "start": {
          "line": 37,
          "column": 6
        },
        "end": {
          "line": 39,
          "column": 7
        }
      },
      "18": {
        "start": {
          "line": 38,
          "column": 8
        },
        "end": {
          "line": 38,
          "column": 36
        }
      },
      "19": {
        "start": {
          "line": 40,
          "column": 6
        },
        "end": {
          "line": 42,
          "column": 7
        }
      },
      "20": {
        "start": {
          "line": 41,
          "column": 8
        },
        "end": {
          "line": 41,
          "column": 34
        }
      },
      "21": {
        "start": {
          "line": 43,
          "column": 6
        },
        "end": {
          "line": 45,
          "column": 7
        }
      },
      "22": {
        "start": {
          "line": 44,
          "column": 8
        },
        "end": {
          "line": 44,
          "column": 44
        }
      },
      "23": {
        "start": {
          "line": 47,
          "column": 4
        },
        "end": {
          "line": 47,
          "column": 17
        }
      },
      "24": {
        "start": {
          "line": 48,
          "column": 9
        },
        "end": {
          "line": 55,
          "column": 3
        }
      },
      "25": {
        "start": {
          "line": 49,
          "column": 4
        },
        "end": {
          "line": 51,
          "column": 5
        }
      },
      "26": {
        "start": {
          "line": 50,
          "column": 6
        },
        "end": {
          "line": 50,
          "column": 16
        }
      },
      "27": {
        "start": {
          "line": 52,
          "column": 4
        },
        "end": {
          "line": 52,
          "column": 75
        }
      },
      "28": {
        "start": {
          "line": 52,
          "column": 33
        },
        "end": {
          "line": 52,
          "column": 73
        }
      },
      "29": {
        "start": {
          "line": 54,
          "column": 4
        },
        "end": {
          "line": 54,
          "column": 53
        }
      }
    },
    "fnMap": {
      "0": {
        "name": "isSimpleType",
        "decl": {
          "start": {
            "line": 5,
            "column": 9
          },
          "end": {
            "line": 5,
            "column": 21
          }
        },
        "loc": {
          "start": {
            "line": 5,
            "column": 42
          },
          "end": {
            "line": 7,
            "column": 1
          }
        },
        "line": 5
      },
      "1": {
        "name": "tryParseInt",
        "decl": {
          "start": {
            "line": 9,
            "column": 9
          },
          "end": {
            "line": 9,
            "column": 20
          }
        },
        "loc": {
          "start": {
            "line": 9,
            "column": 33
          },
          "end": {
            "line": 15,
            "column": 1
          }
        },
        "line": 9
      },
      "2": {
        "name": "tryParseFloat",
        "decl": {
          "start": {
            "line": 17,
            "column": 9
          },
          "end": {
            "line": 17,
            "column": 22
          }
        },
        "loc": {
          "start": {
            "line": 17,
            "column": 35
          },
          "end": {
            "line": 23,
            "column": 1
          }
        },
        "line": 17
      },
      "3": {
        "name": "buildJs",
        "decl": {
          "start": {
            "line": 25,
            "column": 16
          },
          "end": {
            "line": 25,
            "column": 23
          }
        },
        "loc": {
          "start": {
            "line": 25,
            "column": 41
          },
          "end": {
            "line": 32,
            "column": 1
          }
        },
        "line": 25
      },
      "4": {
        "name": "(anonymous_4)",
        "decl": {
          "start": {
            "line": 29,
            "column": 21
          },
          "end": {
            "line": 29,
            "column": 22
          }
        },
        "loc": {
          "start": {
            "line": 29,
            "column": 26
          },
          "end": {
            "line": 29,
            "column": 36
          }
        },
        "line": 29
      },
      "5": {
        "name": "buildValue",
        "decl": {
          "start": {
            "line": 34,
            "column": 16
          },
          "end": {
            "line": 34,
            "column": 26
          }
        },
        "loc": {
          "start": {
            "line": 34,
            "column": 80
          },
          "end": {
            "line": 56,
            "column": 1
          }
        },
        "line": 34
      },
      "6": {
        "name": "(anonymous_6)",
        "decl": {
          "start": {
            "line": 52,
            "column": 21
          },
          "end": {
            "line": 52,
            "column": 22
          }
        },
        "loc": {
          "start": {
            "line": 52,
            "column": 33
          },
          "end": {
            "line": 52,
            "column": 73
          }
        },
        "line": 52
      }
    },
    "branchMap": {
      "0": {
        "loc": {
          "start": {
            "line": 11,
            "column": 2
          },
          "end": {
            "line": 13,
            "column": 3
          }
        },
        "type": "if",
        "locations": [
          {
            "start": {
              "line": 11,
              "column": 2
            },
            "end": {
              "line": 13,
              "column": 3
            }
          },
          {
            "start": {
              "line": 11,
              "column": 2
            },
            "end": {
              "line": 13,
              "column": 3
            }
          }
        ],
        "line": 11
      },
      "1": {
        "loc": {
          "start": {
            "line": 19,
            "column": 2
          },
          "end": {
            "line": 21,
            "column": 3
          }
        },
        "type": "if",
        "locations": [
          {
            "start": {
              "line": 19,
              "column": 2
            },
            "end": {
              "line": 21,
              "column": 3
            }
          },
          {
            "start": {
              "line": 19,
              "column": 2
            },
            "end": {
              "line": 21,
              "column": 3
            }
          }
        ],
        "line": 19
      },
      "2": {
        "loc": {
          "start": {
            "line": 26,
            "column": 2
          },
          "end": {
            "line": 30,
            "column": 3
          }
        },
        "type": "if",
        "locations": [
          {
            "start": {
              "line": 26,
              "column": 2
            },
            "end": {
              "line": 30,
              "column": 3
            }
          },
          {
            "start": {
              "line": 26,
              "column": 2
            },
            "end": {
              "line": 30,
              "column": 3
            }
          }
        ],
        "line": 26
      },
      "3": {
        "loc": {
          "start": {
            "line": 28,
            "column": 9
          },
          "end": {
            "line": 30,
            "column": 3
          }
        },
        "type": "if",
        "locations": [
          {
            "start": {
              "line": 28,
              "column": 9
            },
            "end": {
              "line": 30,
              "column": 3
            }
          },
          {
            "start": {
              "line": 28,
              "column": 9
            },
            "end": {
              "line": 30,
              "column": 3
            }
          }
        ],
        "line": 28
      },
      "4": {
        "loc": {
          "start": {
            "line": 35,
            "column": 2
          },
          "end": {
            "line": 55,
            "column": 3
          }
        },
        "type": "if",
        "locations": [
          {
            "start": {
              "line": 35,
              "column": 2
            },
            "end": {
              "line": 55,
              "column": 3
            }
          },
          {
            "start": {
              "line": 35,
              "column": 2
            },
            "end": {
              "line": 55,
              "column": 3
            }
          }
        ],
        "line": 35
      },
      "5": {
        "loc": {
          "start": {
            "line": 36,
            "column": 4
          },
          "end": {
            "line": 46,
            "column": 5
          }
        },
        "type": "if",
        "locations": [
          {
            "start": {
              "line": 36,
              "column": 4
            },
            "end": {
              "line": 46,
              "column": 5
            }
          },
          {
            "start": {
              "line": 36,
              "column": 4
            },
            "end": {
              "line": 46,
              "column": 5
            }
          }
        ],
        "line": 36
      },
      "6": {
        "loc": {
          "start": {
            "line": 36,
            "column": 8
          },
          "end": {
            "line": 36,
            "column": 37
          }
        },
        "type": "binary-expr",
        "locations": [
          {
            "start": {
              "line": 36,
              "column": 8
            },
            "end": {
              "line": 36,
              "column": 20
            }
          },
          {
            "start": {
              "line": 36,
              "column": 24
            },
            "end": {
              "line": 36,
              "column": 37
            }
          }
        ],
        "line": 36
      },
      "7": {
        "loc": {
          "start": {
            "line": 37,
            "column": 6
          },
          "end": {
            "line": 39,
            "column": 7
          }
        },
        "type": "if",
        "locations": [
          {
            "start": {
              "line": 37,
              "column": 6
            },
            "end": {
              "line": 39,
              "column": 7
            }
          },
          {
            "start": {
              "line": 37,
              "column": 6
            },
            "end": {
              "line": 39,
              "column": 7
            }
          }
        ],
        "line": 37
      },
      "8": {
        "loc": {
          "start": {
            "line": 40,
            "column": 6
          },
          "end": {
            "line": 42,
            "column": 7
          }
        },
        "type": "if",
        "locations": [
          {
            "start": {
              "line": 40,
              "column": 6
            },
            "end": {
              "line": 42,
              "column": 7
            }
          },
          {
            "start": {
              "line": 40,
              "column": 6
            },
            "end": {
              "line": 42,
              "column": 7
            }
          }
        ],
        "line": 40
      },
      "9": {
        "loc": {
          "start": {
            "line": 43,
            "column": 6
          },
          "end": {
            "line": 45,
            "column": 7
          }
        },
        "type": "if",
        "locations": [
          {
            "start": {
              "line": 43,
              "column": 6
            },
            "end": {
              "line": 45,
              "column": 7
            }
          },
          {
            "start": {
              "line": 43,
              "column": 6
            },
            "end": {
              "line": 45,
              "column": 7
            }
          }
        ],
        "line": 43
      },
      "10": {
        "loc": {
          "start": {
            "line": 44,
            "column": 15
          },
          "end": {
            "line": 44,
            "column": 43
          }
        },
        "type": "binary-expr",
        "locations": [
          {
            "start": {
              "line": 44,
              "column": 15
            },
            "end": {
              "line": 44,
              "column": 22
            }
          },
          {
            "start": {
              "line": 44,
              "column": 26
            },
            "end": {
              "line": 44,
              "column": 43
            }
          }
        ],
        "line": 44
      },
      "11": {
        "loc": {
          "start": {
            "line": 48,
            "column": 9
          },
          "end": {
            "line": 55,
            "column": 3
          }
        },
        "type": "if",
        "locations": [
          {
            "start": {
              "line": 48,
              "column": 9
            },
            "end": {
              "line": 55,
              "column": 3
            }
          },
          {
            "start": {
              "line": 48,
              "column": 9
            },
            "end": {
              "line": 55,
              "column": 3
            }
          }
        ],
        "line": 48
      },
      "12": {
        "loc": {
          "start": {
            "line": 49,
            "column": 4
          },
          "end": {
            "line": 51,
            "column": 5
          }
        },
        "type": "if",
        "locations": [
          {
            "start": {
              "line": 49,
              "column": 4
            },
            "end": {
              "line": 51,
              "column": 5
            }
          },
          {
            "start": {
              "line": 49,
              "column": 4
            },
            "end": {
              "line": 51,
[...]
          }
        },
        "loc": {
          "start": {
            "line": 71,
            "column": 30
          },
          "end": {
            "line": 71,
            "column": 72
          }
        },
        "line": 71
      },
      "6": {
        "name": "testForm",
        "decl": {
          "start": {
            "line": 75,
            "column": 16
          },
          "end": {
            "line": 75,
            "column": 24
          }
        },
        "loc": {
          "start": {
            "line": 75,
            "column": 50
          },
          "end": {
            "line": 80,
            "column": 1
          }
        },
        "line": 75
      },
      "7": {
        "name": "(anonymous_7)",
        "decl": {
          "start": {
            "line": 78,
            "column": 17
          },
          "end": {
            "line": 78,
            "column": 18
          }
        },
        "loc": {
          "start": {
            "line": 78,
            "column": 30
          },
          "end": {
            "line": 78,
            "column": 72
          }
        },
        "line": 78
      },
      "8": {
        "name": "testRender",
        "decl": {
          "start": {
            "line": 82,
            "column": 16
          },
          "end": {
            "line": 82,
            "column": 26
          }
        },
        "loc": {
          "start": {
            "line": 82,
            "column": 41
          },
          "end": {
            "line": 87,
            "column": 1
          }
        },
        "line": 82
      },
      "9": {
        "name": "(anonymous_9)",
        "decl": {
          "start": {
            "line": 85,
            "column": 17
          },
          "end": {
            "line": 85,
            "column": 18
          }
        },
        "loc": {
          "start": {
            "line": 85,
            "column": 30
          },
          "end": {
            "line": 85,
            "column": 72
          }
        },
        "line": 85
      },
      "10": {
        "name": "schemaFromData",
        "decl": {
          "start": {
            "line": 89,
            "column": 16
          },
          "end": {
            "line": 89,
            "column": 30
          }
        },
        "loc": {
          "start": {
            "line": 89,
            "column": 54
          },
          "end": {
            "line": 103,
            "column": 1
          }
        },
        "line": 89
      },
      "11": {
        "name": "dataSchemaFromData",
        "decl": {
          "start": {
            "line": 105,
            "column": 16
          },
          "end": {
            "line": 105,
            "column": 34
          }
        },
        "loc": {
          "start": {
            "line": 105,
            "column": 46
          },
          "end": {
            "line": 110,
            "column": 1
          }
        },
        "line": 105
      },
      "12": {
        "name": "mockFetchResolve",
        "decl": {
          "start": {
            "line": 112,
            "column": 16
          },
          "end": {
            "line": 112,
            "column": 32
          }
        },
        "loc": {
          "start": {
            "line": 112,
            "column": 60
          },
          "end": {
            "line": 119,
            "column": 1
          }
        },
        "line": 112
      },
      "13": {
        "name": "(anonymous_13)",
        "decl": {
          "start": {
            "line": 114,
            "column": 12
          },
          "end": {
            "line": 114,
            "column": 13
          }
        },
        "loc": {
          "start": {
            "line": 115,
            "column": 4
          },
          "end": {
            "line": 117,
            "column": 6
          }
        },
        "line": 115
      },
      "14": {
        "name": "(anonymous_14)",
        "decl": {
          "start": {
            "line": 116,
            "column": 12
          },
          "end": {
            "line": 116,
            "column": 13
          }
        },
        "loc": {
          "start": {
            "line": 116,
            "column": 18
          },
          "end": {
            "line": 116,
            "column": 39
          }
        },
        "line": 116
      },
      "15": {
        "name": "mockFetchReject",
        "decl": {
          "start": {
            "line": 121,
            "column": 16
          },
          "end": {
            "line": 121,
            "column": 31
          }
        },
        "loc": {
          "start": {
            "line": 121,
            "column": 60
          },
          "end": {
            "line": 125,
            "column": 1
          }
        },
        "line": 121
      },
      "16": {
        "name": "(anonymous_16)",
        "decl": {
          "start": {
            "line": 123,
            "column": 12
          },
          "end": {
            "line": 123,
            "column": 13
          }
        },
        "loc": {
          "start": {
            "line": 123,
            "column": 18
          },
          "end": {
            "line": 123,
            "column": 39
          }
        },
        "line": 123
      }
    },
    "branchMap": {
      "0": {
        "loc": {
          "start": {
            "line": 23,
            "column": 4
          },
          "end": {
            "line": 23,
            "column": 76
          }
        },
        "type": "default-arg",
        "locations": [
          {
            "start": {
              "line": 23,
              "column": 74
            },
            "end": {
              "line": 23,
              "column": 76
            }
          }
        ],
        "line": 23
      },
      "1": {
        "loc": {
          "start": {
            "line": 24,
            "column": 4
          },
          "end": {
            "line": 24,
            "column": 48
          }
        },
        "type": "default-arg",
        "locations": [
          {
            "start": {
              "line": 24,
              "column": 46
            },
            "end": {
              "line": 24,
              "column": 48
            }
          }
        ],
        "line": 24
      },
      "2": {
        "loc": {
          "start": {
            "line": 26,
            "column": 4
          },
          "end": {
            "line": 26,
            "column": 13
          }
        },
        "type": "default-arg",
        "locations": [
          {
            "start": {
              "line": 26,
              "column": 10
            },
            "end": {
              "line": 26,
              "column": 13
            }
          }
        ],
        "line": 26
      },
      "3": {
        "loc": {
          "start": {
            "line": 92,
            "column": 4
          },
          "end": {
            "line": 100,
            "column": 5
          }
        },
        "type": "if",
        "locations": [
          {
            "start": {
              "line": 92,
              "column": 4
            },
            "end": {
              "line": 100,
              "column": 5
            }
          },
          {
            "start": {
              "line": 92,
              "column": 4
            },
            "end": {
              "line": 100,
              "column": 5
            }
          }
        ],
        "line": 92
      },
      "4": {
        "loc": {
          "start": {
            "line": 94,
            "column": 11
          },
          "end": {
            "line": 100,
            "column": 5
          }
        },
        "type": "if",
        "locations": [
          {
            "start": {
              "line": 94,
              "column": 11
            },
            "end": {
              "line": 100,
              "column": 5
            }
          },
          {
            "start": {
              "line": 94,
              "column": 11
            },
            "end": {
              "line": 100,
              "column": 5
            }
          }
        ],
        "line": 94
      },
      "5": {
        "loc": {
          "start": {
            "line": 96,
            "column": 11
          },
          "end": {
            "line": 100,
            "column": 5
          }
        },
        "type": "if",
        "locations": [
          {
            "start": {
              "line": 96,
              "column": 11
            },
            "end": {
              "line": 100,
              "column": 5
            }
          },
          {
            "start": {
              "line": 96,
              "column": 11
            },
            "end": {
              "line": 100,
              "column": 5
            }
          }
        ],
        "line": 96
      },
      "6": {
        "loc": {
          "start": {
            "line": 98,
            "column": 11
          },
          "end": {
            "line": 100,
            "column": 5
          }
        },
        "type": "if",
        "locations": [
          {
            "start": {
              "line": 98,
              "column": 11
            },
            "end": {
              "line": 100,
              "column": 5
            }
          },
          {
            "start": {
              "line": 98,
              "column": 11
            },
            "end": {
              "line": 100,
              "column": 5
            }
          }
        ],
        "line": 98
      }
    },
    "s": {
      "0": 3,
      "1": 2,
      "2": 0,
      "3": 0,
      "4": 3,
      "5": 3,
      "6": 3,
      "7": 3,
      "8": 3,
      "9": 0,
      "10": 0,
      "11": 0,
      "12": 0,
      "13": 0,
      "14": 0,
      "15": 0,
      "16": 0,
      "17": 0,
      "18": 0,
      "19": 0,
      "20": 0,
      "21": 0,
      "22": 0,
      "23": 0,
      "24": 3,
      "25": 3,
      "26": 3,
      "27": 3,
      "28": 0,
      "29": 0,
      "30": 0,
      "31": 0,
      "32": 0,
      "33": 0,
      "34": 3,
      "35": 0,
      "36": 0,
      "37": 0,
      "38": 0,
      "39": 0,
      "40": 0,
      "41": 0,
      "42": 0,
      "43": 0,
      "44": 0
    },
    "f": {
      "0": 3,
      "1": 2,
      "2": 0,
      "3": 0,
      "4": 0,
      "5": 0,
      "6": 0,
      "7": 0,
      "8": 0,
      "9": 0,
      "10": 3,
      "11": 0,
      "12": 0,
      "13": 0,
      "14": 0,
      "15": 0,
      "16": 0
    },
    "b": {
      "0": [
        0
      ],
      "1": [
        2
      ],
      "2": [
        2
      ],
      "3": [
        3,
        0
      ],
      "4": [
        0,
        0
      ],
      "5": [
        0,
        0
      ],
      "6": [
        0,
        0
      ]
    },
    "_coverageSchema": "1a1c01bbd47fc00a2c39e90264f33305004495a9",
    "hash": "64cedb537d883c3570fbc96d11cf0c6b0efc8c07"
  },
  "C:\\Users\\tomi\\Projects\\Github\\corpix-next\\src\\@toryjs\\components-vanilla\\stories\\text.stories.tsx": {
    "path": "C:\\Users\\tomi\\Projects\\Github\\corpix-next\\src\\@toryjs\\components-vanilla\\stories\\text.stories.tsx",
    "statementMap": {
      "0": {
        "start": {
          "line": 11,
          "column": 19
        },
        "end": {
          "line": 11,
          "column": 44
        }
      },
      "1": {
        "start": {
          "line": 13,
          "column": 13
        },
        "end": {
          "line": 13,
          "column": 38
        }
      },
      "2": {
        "start": {
          "line": 14,
          "column": 15
        },
        "end": {
          "line": 14,
          "column": 35
        }
      },
      "3": {
        "start": {
          "line": 16,
          "column": 17
        },
        "end": {
          "line": 26,
          "column": 1
        }
      },
      "4": {
        "start": {
          "line": 17,
          "column": 2
        },
        "end": {
          "line": 25,
          "column": 13
        }
      },
      "5": {
        "start": {
          "line": 19,
          "column": 6
        },
        "end": {
          "line": 23,
          "column": 12
        }
      },
      "6": {
        "start": {
          "line": 22,
          "column": 38
        },
        "end": {
          "line": 22,
          "column": 72
        }
      },
      "7": {
        "start": {
          "line": 28,
          "column": 22
        },
        "end": {
          "line": 28,
          "column": 91
        }
      },
      "8": {
        "start": {
          "line": 28,
          "column": 28
        },
        "end": {
          "line": 28,
          "column": 91
        }
      },
      "9": {
        "start": {
          "line": 30,
          "column": 21
        },
        "end": {
          "line": 36,
          "column": 4
        }
      },
      "10": {
        "start": {
          "line": 31,
          "column": 2
        },
        "end": {
          "line": 36,
          "column": 4
        }
      },
      "11": {
        "start": {
          "line": 38,
          "column": 32
        },
        "end": {
          "line": 44,
          "column": 4
        }
      },
      "12": {
        "start": {
          "line": 39,
          "column": 2
        },
        "end": {
          "line": 44,
          "column": 4
        }
      },
      "13": {
        "start": {
          "line": 46,
          "column": 22
        },
        "end": {
          "line": 53,
          "column": 4
        }
      },
      "14": {
        "start": {
          "line": 47,
          "column": 2
        },
        "end": {
          "line": 53,
          "column": 4
        }
      },
      "15": {
        "start": {
          "line": 55,
          "column": 28
        },
        "end": {
          "line": 61,
          "column": 4
        }
      },
      "16": {
        "start": {
          "line": 56,
          "column": 2
        },
        "end": {
          "line": 61,
          "column": 4
        }
      },
      "17": {
        "start": {
          "line": 63,
          "column": 22
        },
        "end": {
          "line": 79,
          "column": 4
        }
      },
      "18": {
        "start": {
          "line": 64,
          "column": 2
        },
        "end": {
          "line": 79,
          "column": 4
        }
      },
      "19": {
        "start": {
          "line": 81,
          "column": 22
        },
        "end": {
          "line": 81,
          "column": 62
        }
      },
      "20": {
        "start": {
          "line": 81,
          "column": 28
        },
        "end": {
          "line": 81,
          "column": 62
        }
      }
    },
    "fnMap": {
      "0": {
        "name": "(anonymous_0)",
        "decl": {
          "start": {
            "line": 16,
            "column": 17
          },
          "end": {
            "line": 16,
            "column": 18
          }
        },
        "loc": {
          "start": {
            "line": 17,
            "column": 2
          },
          "end": {
            "line": 25,
            "column": 13
          }
        },
        "line": 17
      },
      "1": {
        "name": "(anonymous_1)",
        "decl": {
          "start": {
            "line": 18,
            "column": 5
          },
          "end": {
            "line": 18,
            "column": 6
          }
        },
        "loc": {
          "start": {
            "line": 19,
            "column": 6
          },
          "end": {
            "line": 23,
            "column": 12
          }
        },
        "line": 19
      },
      "2": {
        "name": "(anonymous_2)",
        "decl": {
          "start": {
            "line": 22,
            "column": 32
          },
          "end": {
            "line": 22,
            "column": 33
          }
        },
        "loc": {
          "start": {
            "line": 22,
            "column": 38
          },
          "end": {
            "line": 22,
            "column": 72
          }
        },
        "line": 22
      },
      "3": {
        "name": "(anonymous_3)",
        "decl": {
          "start": {
            "line": 28,
            "column": 22
          },
          "end": {
            "line": 28,
            "column": 23
          }
        },
        "loc": {
          "start": {
            "line": 28,
            "column": 28
          },
          "end": {
            "line": 28,
            "column": 91
          }
        },
        "line": 28
      },
      "4": {
        "name": "(anonymous_4)",
        "decl": {
          "start": {
            "line": 30,
            "column": 21
          },
          "end": {
            "line": 30,
            "column": 22
          }
        },
        "loc": {
          "start": {
            "line": 31,
            "column": 2
          },
          "end": {
            "line": 36,
            "column": 4
          }
        },
        "line": 31
      },
      "5": {
        "name": "(anonymous_5)",
        "decl": {
          "start": {
            "line": 38,
            "column": 32
          },
          "end": {
            "line": 38,
            "column": 33
          }
        },
        "loc": {
          "start": {
            "line": 39,
            "column": 2
          },
          "end": {
            "line": 44,
            "column": 4
          }
        },
        "line": 39
      },
      "6": {
        "name": "(anonymous_6)",
        "decl": {
          "start": {
            "line": 46,
            "column": 22
          },
          "end": {
            "line": 46,
            "column": 23
          }
        },
        "loc": {
          "start": {
            "line": 47,
            "column": 2
          },
          "end": {
            "line": 53,
            "column": 4
          }
        },
        "line": 47
      },
      "7": {
        "name": "(anonymous_7)",
        "decl": {
          "start": {
            "line": 55,
            "column": 28
          },
          "end": {
            "line": 55,
            "column": 29
          }
        },
        "loc": {
          "start": {
            "line": 56,
            "column": 2
          },
          "end": {
            "line": 61,
            "column": 4
          }
        },
        "line": 56
      },
      "8": {
        "name": "(anonymous_8)",
        "decl": {
          "start": {
            "line": 63,
            "column": 22
          },
          "end": {
            "line": 63,
            "column": 23
          }
        },
        "loc": {
          "start": {
            "line": 64,
            "column": 2
          },
          "end": {
            "line": 79,
            "column": 4
          }
        },
        "line": 64
      },
      "9": {
        "name": "(anonymous_9)",
        "decl": {
          "start": {
            "line": 81,
            "column": 22
          },
          "end": {
            "line": 81,
            "column": 23
          }
        },
        "loc": {
          "start": {
            "line": 81,
            "column": 28
          },
          "end": {
            "line": 81,
            "column": 62
          }
        },
        "line": 81
      }
    },
    "branchMap": {},
    "s": {
      "0": 3,
      "1": 3,
      "2": 3,
      "3": 3,
      "4": 0,
      "5": 0,
      "6": 0,
      "7": 3,
      "8": 2,
      "9": 3,
      "10": 0,
      "11": 3,
      "12": 0,
      "13": 3,
      "14": 0,
      "15": 3,
      "16": 0,
      "17": 3,
      "18": 0,
      "19": 3,
      "20": 0
    },
    "f": {
      "0": 0,
      "1": 0,
      "2": 0,
      "3": 2,
      "4": 0,
      "5": 0,
      "6": 0,
      "7": 0,
      "8": 0,
      "9": 0
    },
    "b": {},
    "_coverageSchema": "1a1c01bbd47fc00a2c39e90264f33305004495a9",
    "hash": "27971b7e8e819a67deef865eaa8b6b6703760ba8"
  }
}